
SQL*Loader: Release 11.2.0.2.0 - Production on 목 6월 11 09:52:37 2020

Copyright (c) 1982, 2009, Oracle and/or its affiliates.  All rights reserved.

Control File:   ddd.ctl
Data File:      finance_19_3.csv
  Bad File:     finance_19_3.bad
  Discard File:  none specified
 
 (Allow all discards)

Number to load: ALL
Number to skip: 0
Errors allowed: 50
Bind array:     64 rows, maximum of 256000 bytes
Continuation:    none specified
Path used:      Conventional

Table DARTTABLE2, loaded from every logical record.
Insert option in effect for this table: INSERT
TRAILING NULLCOLS option in effect

   Column Name                  Position   Len  Term Encl Datatype
------------------------------ ---------- ----- ---- ---- ---------------------
COM_CODE                            FIRST     *   ,       CHARACTER            
BS_19_3                              NEXT     *   ,       CHARACTER            
IS_19_3                              NEXT     *   ,       CHARACTER            
CF_19_3                              NEXT     *   ,       CHARACTER            


Table DARTTABLE2:
  1648 Rows successfully loaded.
  0 Rows not loaded due to data errors.
  0 Rows not loaded because all WHEN clauses were failed.
  0 Rows not loaded because all fields were null.


Space allocated for bind array:                  66048 bytes(64 rows)
Read   buffer bytes: 1048576

Total logical records skipped:          0
Total logical records read:          1648
Total logical records rejected:         0
Total logical records discarded:        0

Run began on 목 6월  11 09:52:37 2020
Run ended on 목 6월  11 09:52:37 2020

Elapsed time was:     00:00:00.09
CPU time was:         00:00:00.04
